<?xml version="1.0" encoding="UTF-8"?>
<!-- Generated by org.testng.reporters.JUnitXMLReporter -->
<testsuite ignored="9" hostname="DESKTOP-MEL20CT" failures="7" tests="7" name="Default test(failed)" time="11.007" errors="0" timestamp="05 May 2021 17:29:25 GMT">
  <testcase classname="stepDefinition.logingUnacademy" name="user_clicks_login_button" time="0.013">
    <failure type="java.lang.NullPointerException">
      <![CDATA[java.lang.NullPointerException
at stepDefinition.logingUnacademy.user_clicks_login_button(logingUnacademy.java:143)
... Removed 25 stack frames]]>
    </failure>
  </testcase> <!-- user_clicks_login_button -->
  <testcase classname="stepDefinition.logingUnacademy" name="user_enters_registered_phone_number" time="0.899">
    <failure type="java.lang.NullPointerException">
      <![CDATA[java.lang.NullPointerException
at org.openqa.selenium.support.pagefactory.DefaultElementLocator.findElement(DefaultElementLocator.java:69)
at org.openqa.selenium.support.pagefactory.internal.LocatingElementHandler.invoke(LocatingElementHandler.java:38)
at com.sun.proxy.$Proxy13.sendKeys(Unknown Source)
at PageFactoryPOM.PageFactoryLogin.getPhoneNo(PageFactoryLogin.java:49)
at stepDefinition.logingUnacademy.user_enters_registered_phone_number(logingUnacademy.java:86)
... Removed 25 stack frames]]>
    </failure>
  </testcase> <!-- user_enters_registered_phone_number -->
  <testcase classname="stepDefinition.logingUnacademy" name="user_clicks_the_login_button" time="0.003">
    <failure type="java.lang.NullPointerException">
      <![CDATA[java.lang.NullPointerException
at org.openqa.selenium.support.pagefactory.DefaultElementLocator.findElement(DefaultElementLocator.java:69)
at org.openqa.selenium.support.pagefactory.internal.LocatingElementHandler.invoke(LocatingElementHandler.java:38)
at com.sun.proxy.$Proxy13.click(Unknown Source)
at PageFactoryPOM.PageFactoryLogin.loginPage(PageFactoryLogin.java:54)
at stepDefinition.logingUnacademy.user_clicks_the_login_button(logingUnacademy.java:176)
... Removed 25 stack frames]]>
    </failure>
  </testcase> <!-- user_clicks_the_login_button -->
  <testcase classname="stepDefinition.logingUnacademy" name="user_should_enter_invalid_otp" time="0.001">
    <failure type="java.lang.NullPointerException">
      <![CDATA[java.lang.NullPointerException
at stepDefinition.logingUnacademy.user_should_enter_invalid_otp(logingUnacademy.java:182)
... Removed 25 stack frames]]>
    </failure>
  </testcase> <!-- user_should_enter_invalid_otp -->
  <testcase classname="stepDefinition.logingUnacademy" name="user_click_login_button" time="0.002">
    <failure type="java.lang.NullPointerException">
      <![CDATA[java.lang.NullPointerException
at org.openqa.selenium.support.pagefactory.DefaultElementLocator.findElement(DefaultElementLocator.java:69)
at org.openqa.selenium.support.pagefactory.internal.LocatingElementHandler.invoke(LocatingElementHandler.java:38)
at com.sun.proxy.$Proxy13.click(Unknown Source)
at PageFactoryPOM.PageFactoryLogin.loginPage(PageFactoryLogin.java:54)
at stepDefinition.logingUnacademy.user_click_login_button(logingUnacademy.java:92)
... Removed 25 stack frames]]>
    </failure>
  </testcase> <!-- user_click_login_button -->
  <testcase classname="stepDefinition.logingUnacademy" name="user_should_enter_valid_otp" time="5.008">
    <failure type="java.lang.NullPointerException">
      <![CDATA[java.lang.NullPointerException
at org.openqa.selenium.support.pagefactory.DefaultElementLocator.findElement(DefaultElementLocator.java:69)
at org.openqa.selenium.support.pagefactory.internal.LocatingElementHandler.invoke(LocatingElementHandler.java:38)
at com.sun.proxy.$Proxy13.sendKeys(Unknown Source)
at PageFactoryPOM.PageFactoryLogin.otpNumber(PageFactoryLogin.java:59)
at stepDefinition.logingUnacademy.user_should_enter_valid_otp(logingUnacademy.java:97)
... Removed 25 stack frames]]>
    </failure>
  </testcase> <!-- user_should_enter_valid_otp -->
  <testcase classname="stepDefinition.logingUnacademy" name="click_on_verify_otp_button" time="5.004">
    <failure type="java.lang.NullPointerException">
      <![CDATA[java.lang.NullPointerException
at org.openqa.selenium.support.pagefactory.DefaultElementLocator.findElement(DefaultElementLocator.java:69)
at org.openqa.selenium.support.pagefactory.internal.LocatingElementHandler.invoke(LocatingElementHandler.java:38)
at com.sun.proxy.$Proxy13.click(Unknown Source)
at PageFactoryPOM.PageFactoryLogin.loginOtp(PageFactoryLogin.java:64)
at stepDefinition.logingUnacademy.click_on_verify_otp_button(logingUnacademy.java:103)
... Removed 25 stack frames]]>
    </failure>
  </testcase> <!-- click_on_verify_otp_button -->
  <testcase classname="stepDefinition.logingUnacademy" name="user_is_on_login_page" time="0.0">
    <ignored/>
  </testcase> <!-- user_is_on_login_page -->
  <testcase classname="stepDefinition.logingUnacademy" name="user_enters_invalid_phone_number" time="0.0">
    <ignored/>
  </testcase> <!-- user_enters_invalid_phone_number -->
  <testcase classname="stepDefinition.logingUnacademy" name="user_selects_country_codes" time="0.0">
    <ignored/>
  </testcase> <!-- user_selects_country_codes -->
  <testcase classname="stepDefinition.logingUnacademy" name="user_select_any_country_code" time="0.0">
    <ignored/>
  </testcase> <!-- user_select_any_country_code -->
  <testcase classname="stepDefinition.logingUnacademy" name="user_selects_country_code" time="0.0">
    <ignored/>
  </testcase> <!-- user_selects_country_code -->
  <testcase classname="stepDefinition.logingUnacademy" name="user_get_error_message" time="0.0">
    <ignored/>
  </testcase> <!-- user_get_error_message -->
  <testcase classname="stepDefinition.logingUnacademy" name="user_enters_registered_phone_numbers" time="0.0">
    <ignored/>
  </testcase> <!-- user_enters_registered_phone_numbers -->
  <testcase classname="stepDefinition.logingUnacademy" name="user_get_an_error_message" time="0.0">
    <ignored/>
  </testcase> <!-- user_get_an_error_message -->
  <testcase classname="stepDefinition.logingUnacademy" name="user_should_be_able_to_login_successfully" time="0.0">
    <ignored/>
  </testcase> <!-- user_should_be_able_to_login_successfully -->
</testsuite> <!-- Default test(failed) -->
