<html>
<head>
<title>TestNG:  Default test</title>
<link href="../testng.css" rel="stylesheet" type="text/css" />
<link href="../my-testng.css" rel="stylesheet" type="text/css" />

<style type="text/css">
.log { display: none;} 
.stack-trace { display: none;} 
</style>
<script type="text/javascript">
<!--
function flip(e) {
  current = e.style.display;
  if (current == 'block') {
    e.style.display = 'none';
    return 0;
  }
  else {
    e.style.display = 'block';
    return 1;
  }
}

function toggleBox(szDivId, elem, msg1, msg2)
{
  var res = -1;  if (document.getElementById) {
    res = flip(document.getElementById(szDivId));
  }
  else if (document.all) {
    // this is the way old msie versions work
    res = flip(document.all[szDivId]);
  }
  if(elem) {
    if(res == 0) elem.innerHTML = msg1; else elem.innerHTML = msg2;
  }

}

function toggleAllBoxes() {
  if (document.getElementsByTagName) {
    d = document.getElementsByTagName('div');
    for (i = 0; i < d.length; i++) {
      if (d[i].className == 'log') {
        flip(d[i]);
      }
    }
  }
}

// -->
</script>

</head>
<body>
<h2 align='center'>Default test</h2><table border='1' align="center">
<tr>
<td>Tests passed/Failed/Skipped:</td><td>22/3/0</td>
</tr><tr>
<td>Started on:</td><td>Tue May 04 15:06:21 IST 2021</td>
</tr>
<tr><td>Total time:</td><td>26 seconds (26291 ms)</td>
</tr><tr>
<td>Included groups:</td><td></td>
</tr><tr>
<td>Excluded groups:</td><td></td>
</tr>
</table><p/>
<small><i>(Hover the method name to see the test class name)</i></small><p/>
<table width='100%' border='1' class='invocation-failed'>
<tr><td colspan='4' align='center'><b>FAILED TESTS</b></td></tr>
<tr><td><b>Test method</b></td>
<td width="30%"><b>Exception</b></td>
<td width="10%"><b>Time (seconds)</b></td>
<td><b>Instance</b></td>
</tr>
<tr>
<td title='stepDefinition.logingUnacademy.user_enters_an_invalid()'><b>user_enters_an_invalid</b><br>Test class: stepDefinition.logingUnacademy</td>
<td><div><pre>org.testng.TestNGException: 
Cannot inject @Test annotated Method [user_enters_an_invalid] with [class java.lang.String].
For more information on native dependency injection please refer to http://testng.org/doc/documentation-main.html#native-dependency-injection
	at org.testng.internal.Parameters.checkParameterTypes(Parameters.java:407)
	at org.testng.internal.Parameters.createParametersForMethod(Parameters.java:356)
	at org.testng.internal.Parameters.createParameters(Parameters.java:635)
	at org.testng.internal.Parameters.handleParameters(Parameters.java:769)
	at org.testng.internal.ParameterHandler.handleParameters(ParameterHandler.java:49)
	at org.testng.internal.ParameterHandler.createParameters(ParameterHandler.java:37)
	at org.testng.internal.Invoker.invokeTestMethods(Invoker.java:924)
	at org.testng.internal.TestMethodWorker.invokeTestMethods(TestMethodWorker.java:125)
	at org.testng.internal.TestMethodWorker.run(TestMethodWorker.java:109)
	at org.testng.TestRunner.privateRun(TestRunner.java:648)
	at org.testng.TestRunner.run(TestRunner.java:505)
	at org.testng.SuiteRunner.runTest(SuiteRunner.java:455)
	at org.testng.SuiteRunner.runSequentially(SuiteRunner.java:450)
	at org.testng.SuiteRunner.privateRun(SuiteRunner.java:415)
	at org.testng.SuiteRunner.run(SuiteRunner.java:364)
	at org.testng.SuiteRunnerWorker.runSuite(SuiteRunnerWorker.java:52)
	at org.testng.SuiteRunnerWorker.run(SuiteRunnerWorker.java:84)
	at org.testng.TestNG.runSuitesSequentially(TestNG.java:1208)
	at org.testng.TestNG.runSuitesLocally(TestNG.java:1137)
	at org.testng.TestNG.runSuites(TestNG.java:1049)
	at org.testng.TestNG.run(TestNG.java:1017)
	at org.testng.remote.AbstractRemoteTestNG.run(AbstractRemoteTestNG.java:115)
	at org.testng.remote.RemoteTestNG.initAndRun(RemoteTestNG.java:251)
	at org.testng.remote.RemoteTestNG.main(RemoteTestNG.java:77)
</pre></div><a href='#' onClick='toggleBox("stack-trace842741472", this, "Click to show all stack frames", "Click to hide stack frames")'>Click to show all stack frames</a>
<div class='stack-trace' id='stack-trace842741472'><pre>org.testng.TestNGException: 
Cannot inject @Test annotated Method [user_enters_an_invalid] with [class java.lang.String].
For more information on native dependency injection please refer to http://testng.org/doc/documentation-main.html#native-dependency-injection
	at org.testng.internal.Parameters.checkParameterTypes(Parameters.java:407)
	at org.testng.internal.Parameters.createParametersForMethod(Parameters.java:356)
	at org.testng.internal.Parameters.createParameters(Parameters.java:635)
	at org.testng.internal.Parameters.handleParameters(Parameters.java:769)
	at org.testng.internal.ParameterHandler.handleParameters(ParameterHandler.java:49)
	at org.testng.internal.ParameterHandler.createParameters(ParameterHandler.java:37)
	at org.testng.internal.Invoker.invokeTestMethods(Invoker.java:924)
	at org.testng.internal.TestMethodWorker.invokeTestMethods(TestMethodWorker.java:125)
	at org.testng.internal.TestMethodWorker.run(TestMethodWorker.java:109)
	at org.testng.TestRunner.privateRun(TestRunner.java:648)
	at org.testng.TestRunner.run(TestRunner.java:505)
	at org.testng.SuiteRunner.runTest(SuiteRunner.java:455)
	at org.testng.SuiteRunner.runSequentially(SuiteRunner.java:450)
	at org.testng.SuiteRunner.privateRun(SuiteRunner.java:415)
	at org.testng.SuiteRunner.run(SuiteRunner.java:364)
	at org.testng.SuiteRunnerWorker.runSuite(SuiteRunnerWorker.java:52)
	at org.testng.SuiteRunnerWorker.run(SuiteRunnerWorker.java:84)
	at org.testng.TestNG.runSuitesSequentially(TestNG.java:1208)
	at org.testng.TestNG.runSuitesLocally(TestNG.java:1137)
	at org.testng.TestNG.runSuites(TestNG.java:1049)
	at org.testng.TestNG.run(TestNG.java:1017)
	at org.testng.remote.AbstractRemoteTestNG.run(AbstractRemoteTestNG.java:115)
	at org.testng.remote.RemoteTestNG.initAndRun(RemoteTestNG.java:251)
	at org.testng.remote.RemoteTestNG.main(RemoteTestNG.java:77)
</pre></div></td>
<td>0</td>
<td>stepDefinition.logingUnacademy@5db250b4</td></tr>
<tr>
<td title='stepDefinition.logingUnacademy.user_enters_invalid()'><b>user_enters_invalid</b><br>Test class: stepDefinition.logingUnacademy</td>
<td><div><pre>org.testng.TestNGException: 
Cannot inject @Test annotated Method [user_enters_invalid] with [class java.lang.String].
For more information on native dependency injection please refer to http://testng.org/doc/documentation-main.html#native-dependency-injection
	at org.testng.internal.Parameters.checkParameterTypes(Parameters.java:407)
	at org.testng.internal.Parameters.createParametersForMethod(Parameters.java:356)
	at org.testng.internal.Parameters.createParameters(Parameters.java:635)
	at org.testng.internal.Parameters.handleParameters(Parameters.java:769)
	at org.testng.internal.ParameterHandler.handleParameters(ParameterHandler.java:49)
	at org.testng.internal.ParameterHandler.createParameters(ParameterHandler.java:37)
	at org.testng.internal.Invoker.invokeTestMethods(Invoker.java:924)
	at org.testng.internal.TestMethodWorker.invokeTestMethods(TestMethodWorker.java:125)
	at org.testng.internal.TestMethodWorker.run(TestMethodWorker.java:109)
	at org.testng.TestRunner.privateRun(TestRunner.java:648)
	at org.testng.TestRunner.run(TestRunner.java:505)
	at org.testng.SuiteRunner.runTest(SuiteRunner.java:455)
	at org.testng.SuiteRunner.runSequentially(SuiteRunner.java:450)
	at org.testng.SuiteRunner.privateRun(SuiteRunner.java:415)
	at org.testng.SuiteRunner.run(SuiteRunner.java:364)
	at org.testng.SuiteRunnerWorker.runSuite(SuiteRunnerWorker.java:52)
	at org.testng.SuiteRunnerWorker.run(SuiteRunnerWorker.java:84)
	at org.testng.TestNG.runSuitesSequentially(TestNG.java:1208)
	at org.testng.TestNG.runSuitesLocally(TestNG.java:1137)
	at org.testng.TestNG.runSuites(TestNG.java:1049)
	at org.testng.TestNG.run(TestNG.java:1017)
	at org.testng.remote.AbstractRemoteTestNG.run(AbstractRemoteTestNG.java:115)
	at org.testng.remote.RemoteTestNG.initAndRun(RemoteTestNG.java:251)
	at org.testng.remote.RemoteTestNG.main(RemoteTestNG.java:77)
</pre></div><a href='#' onClick='toggleBox("stack-trace1766505436", this, "Click to show all stack frames", "Click to hide stack frames")'>Click to show all stack frames</a>
<div class='stack-trace' id='stack-trace1766505436'><pre>org.testng.TestNGException: 
Cannot inject @Test annotated Method [user_enters_invalid] with [class java.lang.String].
For more information on native dependency injection please refer to http://testng.org/doc/documentation-main.html#native-dependency-injection
	at org.testng.internal.Parameters.checkParameterTypes(Parameters.java:407)
	at org.testng.internal.Parameters.createParametersForMethod(Parameters.java:356)
	at org.testng.internal.Parameters.createParameters(Parameters.java:635)
	at org.testng.internal.Parameters.handleParameters(Parameters.java:769)
	at org.testng.internal.ParameterHandler.handleParameters(ParameterHandler.java:49)
	at org.testng.internal.ParameterHandler.createParameters(ParameterHandler.java:37)
	at org.testng.internal.Invoker.invokeTestMethods(Invoker.java:924)
	at org.testng.internal.TestMethodWorker.invokeTestMethods(TestMethodWorker.java:125)
	at org.testng.internal.TestMethodWorker.run(TestMethodWorker.java:109)
	at org.testng.TestRunner.privateRun(TestRunner.java:648)
	at org.testng.TestRunner.run(TestRunner.java:505)
	at org.testng.SuiteRunner.runTest(SuiteRunner.java:455)
	at org.testng.SuiteRunner.runSequentially(SuiteRunner.java:450)
	at org.testng.SuiteRunner.privateRun(SuiteRunner.java:415)
	at org.testng.SuiteRunner.run(SuiteRunner.java:364)
	at org.testng.SuiteRunnerWorker.runSuite(SuiteRunnerWorker.java:52)
	at org.testng.SuiteRunnerWorker.run(SuiteRunnerWorker.java:84)
	at org.testng.TestNG.runSuitesSequentially(TestNG.java:1208)
	at org.testng.TestNG.runSuitesLocally(TestNG.java:1137)
	at org.testng.TestNG.runSuites(TestNG.java:1049)
	at org.testng.TestNG.run(TestNG.java:1017)
	at org.testng.remote.AbstractRemoteTestNG.run(AbstractRemoteTestNG.java:115)
	at org.testng.remote.RemoteTestNG.initAndRun(RemoteTestNG.java:251)
	at org.testng.remote.RemoteTestNG.main(RemoteTestNG.java:77)
</pre></div></td>
<td>0</td>
<td>stepDefinition.logingUnacademy@5db250b4</td></tr>
<tr>
<td title='stepDefinition.logingUnacademy.user_enters_valid()'><b>user_enters_valid</b><br>Test class: stepDefinition.logingUnacademy</td>
<td><div><pre>org.testng.TestNGException: 
Cannot inject @Test annotated Method [user_enters_valid] with [class java.lang.String].
For more information on native dependency injection please refer to http://testng.org/doc/documentation-main.html#native-dependency-injection
	at org.testng.internal.Parameters.checkParameterTypes(Parameters.java:407)
	at org.testng.internal.Parameters.createParametersForMethod(Parameters.java:356)
	at org.testng.internal.Parameters.createParameters(Parameters.java:635)
	at org.testng.internal.Parameters.handleParameters(Parameters.java:769)
	at org.testng.internal.ParameterHandler.handleParameters(ParameterHandler.java:49)
	at org.testng.internal.ParameterHandler.createParameters(ParameterHandler.java:37)
	at org.testng.internal.Invoker.invokeTestMethods(Invoker.java:924)
	at org.testng.internal.TestMethodWorker.invokeTestMethods(TestMethodWorker.java:125)
	at org.testng.internal.TestMethodWorker.run(TestMethodWorker.java:109)
	at org.testng.TestRunner.privateRun(TestRunner.java:648)
	at org.testng.TestRunner.run(TestRunner.java:505)
	at org.testng.SuiteRunner.runTest(SuiteRunner.java:455)
	at org.testng.SuiteRunner.runSequentially(SuiteRunner.java:450)
	at org.testng.SuiteRunner.privateRun(SuiteRunner.java:415)
	at org.testng.SuiteRunner.run(SuiteRunner.java:364)
	at org.testng.SuiteRunnerWorker.runSuite(SuiteRunnerWorker.java:52)
	at org.testng.SuiteRunnerWorker.run(SuiteRunnerWorker.java:84)
	at org.testng.TestNG.runSuitesSequentially(TestNG.java:1208)
	at org.testng.TestNG.runSuitesLocally(TestNG.java:1137)
	at org.testng.TestNG.runSuites(TestNG.java:1049)
	at org.testng.TestNG.run(TestNG.java:1017)
	at org.testng.remote.AbstractRemoteTestNG.run(AbstractRemoteTestNG.java:115)
	at org.testng.remote.RemoteTestNG.initAndRun(RemoteTestNG.java:251)
	at org.testng.remote.RemoteTestNG.main(RemoteTestNG.java:77)
</pre></div><a href='#' onClick='toggleBox("stack-trace1164440413", this, "Click to show all stack frames", "Click to hide stack frames")'>Click to show all stack frames</a>
<div class='stack-trace' id='stack-trace1164440413'><pre>org.testng.TestNGException: 
Cannot inject @Test annotated Method [user_enters_valid] with [class java.lang.String].
For more information on native dependency injection please refer to http://testng.org/doc/documentation-main.html#native-dependency-injection
	at org.testng.internal.Parameters.checkParameterTypes(Parameters.java:407)
	at org.testng.internal.Parameters.createParametersForMethod(Parameters.java:356)
	at org.testng.internal.Parameters.createParameters(Parameters.java:635)
	at org.testng.internal.Parameters.handleParameters(Parameters.java:769)
	at org.testng.internal.ParameterHandler.handleParameters(ParameterHandler.java:49)
	at org.testng.internal.ParameterHandler.createParameters(ParameterHandler.java:37)
	at org.testng.internal.Invoker.invokeTestMethods(Invoker.java:924)
	at org.testng.internal.TestMethodWorker.invokeTestMethods(TestMethodWorker.java:125)
	at org.testng.internal.TestMethodWorker.run(TestMethodWorker.java:109)
	at org.testng.TestRunner.privateRun(TestRunner.java:648)
	at org.testng.TestRunner.run(TestRunner.java:505)
	at org.testng.SuiteRunner.runTest(SuiteRunner.java:455)
	at org.testng.SuiteRunner.runSequentially(SuiteRunner.java:450)
	at org.testng.SuiteRunner.privateRun(SuiteRunner.java:415)
	at org.testng.SuiteRunner.run(SuiteRunner.java:364)
	at org.testng.SuiteRunnerWorker.runSuite(SuiteRunnerWorker.java:52)
	at org.testng.SuiteRunnerWorker.run(SuiteRunnerWorker.java:84)
	at org.testng.TestNG.runSuitesSequentially(TestNG.java:1208)
	at org.testng.TestNG.runSuitesLocally(TestNG.java:1137)
	at org.testng.TestNG.runSuites(TestNG.java:1049)
	at org.testng.TestNG.run(TestNG.java:1017)
	at org.testng.remote.AbstractRemoteTestNG.run(AbstractRemoteTestNG.java:115)
	at org.testng.remote.RemoteTestNG.initAndRun(RemoteTestNG.java:251)
	at org.testng.remote.RemoteTestNG.main(RemoteTestNG.java:77)
</pre></div></td>
<td>0</td>
<td>stepDefinition.logingUnacademy@5db250b4</td></tr>
</table><p>
<table width='100%' border='1' class='invocation-passed'>
<tr><td colspan='4' align='center'><b>PASSED TESTS</b></td></tr>
<tr><td><b>Test method</b></td>
<td width="30%"><b>Exception</b></td>
<td width="10%"><b>Time (seconds)</b></td>
<td><b>Instance</b></td>
</tr>
<tr>
<td title='stepDefinition.logingUnacademy.clicks_on_login()'><b>clicks_on_login</b><br>Test class: stepDefinition.logingUnacademy</td>
<td></td>
<td>0</td>
<td>stepDefinition.logingUnacademy@5db250b4</td></tr>
<tr>
<td title='stepDefinition.logingUnacademy.close_browser()'><b>close_browser</b><br>Test class: stepDefinition.logingUnacademy</td>
<td></td>
<td>0</td>
<td>stepDefinition.logingUnacademy@5db250b4</td></tr>
<tr>
<td title='stepDefinition.logingUnacademy.close_the_browser()'><b>close_the_browser</b><br>Test class: stepDefinition.logingUnacademy</td>
<td></td>
<td>0</td>
<td>stepDefinition.logingUnacademy@5db250b4</td></tr>
<tr>
<td title='stepDefinition.logingUnacademy.enters_registered_email_id()'><b>enters_registered_email_id</b><br>Test class: stepDefinition.logingUnacademy</td>
<td></td>
<td>0</td>
<td>stepDefinition.logingUnacademy@5db250b4</td></tr>
<tr>
<td title='stepDefinition.logingUnacademy.enters_unregistered_mail_id()'><b>enters_unregistered_mail_id</b><br>Test class: stepDefinition.logingUnacademy</td>
<td></td>
<td>0</td>
<td>stepDefinition.logingUnacademy@5db250b4</td></tr>
<tr>
<td title='stepDefinition.logingUnacademy.error_message_displayed()'><b>error_message_displayed</b><br>Test class: stepDefinition.logingUnacademy</td>
<td></td>
<td>0</td>
<td>stepDefinition.logingUnacademy@5db250b4</td></tr>
<tr>
<td title='stepDefinition.logingUnacademy.error_message_is_displayed()'><b>error_message_is_displayed</b><br>Test class: stepDefinition.logingUnacademy</td>
<td></td>
<td>0</td>
<td>stepDefinition.logingUnacademy@5db250b4</td></tr>
<tr>
<td title='stepDefinition.logingUnacademy.user_clicks_login()'><b>user_clicks_login</b><br>Test class: stepDefinition.logingUnacademy</td>
<td></td>
<td>0</td>
<td>stepDefinition.logingUnacademy@5db250b4</td></tr>
<tr>
<td title='stepDefinition.logingUnacademy.user_clicks_login_button()'><b>user_clicks_login_button</b><br>Test class: stepDefinition.logingUnacademy</td>
<td></td>
<td>0</td>
<td>stepDefinition.logingUnacademy@5db250b4</td></tr>
<tr>
<td title='stepDefinition.logingUnacademy.user_clicks_on_continue_with_email_link()'><b>user_clicks_on_continue_with_email_link</b><br>Test class: stepDefinition.logingUnacademy</td>
<td></td>
<td>0</td>
<td>stepDefinition.logingUnacademy@5db250b4</td></tr>
<tr>
<td title='stepDefinition.logingUnacademy.user_clicks_on_login_button()'><b>user_clicks_on_login_button</b><br>Test class: stepDefinition.logingUnacademy</td>
<td></td>
<td>2</td>
<td>stepDefinition.logingUnacademy@5db250b4</td></tr>
<tr>
<td title='stepDefinition.logingUnacademy.user_clicks_on_submit()'><b>user_clicks_on_submit</b><br>Test class: stepDefinition.logingUnacademy</td>
<td></td>
<td>0</td>
<td>stepDefinition.logingUnacademy@5db250b4</td></tr>
<tr>
<td title='stepDefinition.logingUnacademy.user_enters_valid_phone_number()'><b>user_enters_valid_phone_number</b><br>Test class: stepDefinition.logingUnacademy</td>
<td></td>
<td>0</td>
<td>stepDefinition.logingUnacademy@5db250b4</td></tr>
<tr>
<td title='stepDefinition.logingUnacademy.user_gets_textfield_to_enter_phone_number()'><b>user_gets_textfield_to_enter_phone_number</b><br>Test class: stepDefinition.logingUnacademy</td>
<td></td>
<td>10</td>
<td>stepDefinition.logingUnacademy@5db250b4</td></tr>
<tr>
<td title='stepDefinition.logingUnacademy.user_is_displayed_OTP_sent_message()'><b>user_is_displayed_OTP_sent_message</b><br>Test class: stepDefinition.logingUnacademy</td>
<td></td>
<td>0</td>
<td>stepDefinition.logingUnacademy@5db250b4</td></tr>
<tr>
<td title='stepDefinition.logingUnacademy.user_is_on_Enter_OTP_page()'><b>user_is_on_Enter_OTP_page</b><br>Test class: stepDefinition.logingUnacademy</td>
<td></td>
<td>0</td>
<td>stepDefinition.logingUnacademy@5db250b4</td></tr>
<tr>
<td title='stepDefinition.logingUnacademy.user_is_on_Login_page()'><b>user_is_on_Login_page</b><br>Test class: stepDefinition.logingUnacademy</td>
<td></td>
<td>0</td>
<td>stepDefinition.logingUnacademy@5db250b4</td></tr>
<tr>
<td title='stepDefinition.logingUnacademy.user_is_on_login_page()'><b>user_is_on_login_page</b><br>Test class: stepDefinition.logingUnacademy</td>
<td></td>
<td>0</td>
<td>stepDefinition.logingUnacademy@5db250b4</td></tr>
<tr>
<td title='stepDefinition.logingUnacademy.user_is_on_unacademy_home_page()'><b>user_is_on_unacademy_home_page</b><br>Test class: stepDefinition.logingUnacademy</td>
<td></td>
<td>13</td>
<td>stepDefinition.logingUnacademy@5db250b4</td></tr>
<tr>
<td title='stepDefinition.logingUnacademy.user_redirected_to_enter_OTP()'><b>user_redirected_to_enter_OTP</b><br>Test class: stepDefinition.logingUnacademy</td>
<td></td>
<td>0</td>
<td>stepDefinition.logingUnacademy@5db250b4</td></tr>
<tr>
<td title='stepDefinition.logingUnacademy.user_selects_India_country_code()'><b>user_selects_India_country_code</b><br>Test class: stepDefinition.logingUnacademy</td>
<td></td>
<td>0</td>
<td>stepDefinition.logingUnacademy@5db250b4</td></tr>
<tr>
<td title='stepDefinition.logingUnacademy.user_selects_non_India_country_code()'><b>user_selects_non_India_country_code</b><br>Test class: stepDefinition.logingUnacademy</td>
<td></td>
<td>0</td>
<td>stepDefinition.logingUnacademy@5db250b4</td></tr>
</table><p>
</body>
</html>